============================= test session starts =============================
collecting ... collected 35 items

tests/test_retry_logic.py::TestShouldRetryScrapingResult::test_success_true_no_retry PASSED [  2%]
tests/test_retry_logic.py::TestShouldRetryScrapingResult::test_success_false_should_retry PASSED [  5%]
tests/test_retry_logic.py::TestShouldRetryScrapingResult::test_missing_success_key_no_retry PASSED [  8%]
tests/test_retry_logic.py::TestShouldRetryScrapingResult::test_non_dict_should_retry PASSED [ 11%]
tests/test_retry_logic.py::TestShouldRetryScrapingResult::test_bot_detected_should_retry PASSED [ 14%]
tests/test_retry_logic.py::TestShouldRetryScrapingResult::test_ai_mode_missing_should_retry PASSED [ 17%]
tests/test_retry_logic.py::TestShouldRetryScrapingResult::test_text_extraction_failed_should_retry PASSED [ 20%]
tests/test_retry_logic.py::TestFetchPerplexityHandler::test_success_returns_data PASSED [ 22%]
tests/test_retry_logic.py::TestFetchPerplexityHandler::test_bot_detected_returns_failure PASSED [ 25%]
tests/test_retry_logic.py::TestFetchPerplexityHandler::test_empty_content_returns_failure PASSED [ 28%]
tests/test_retry_logic.py::TestFetchPerplexityHandler::test_http_500_raises PASSED [ 31%]
tests/test_retry_logic.py::TestFetchPerplexityHandler::test_network_error_raises PASSED [ 34%]
tests/test_retry_logic.py::TestFetchGoogleOverviewHandler::test_success_returns_data PASSED [ 37%]
tests/test_retry_logic.py::TestFetchGoogleOverviewHandler::test_ai_mode_missing_returns_failure PASSED [ 40%]
tests/test_retry_logic.py::TestFetchGoogleOverviewHandler::test_text_extraction_failed_returns_failure PASSED [ 42%]
tests/test_retry_logic.py::TestFetchAISearchDataRetry::test_success_on_first_attempt PASSED [ 45%]
tests/test_retry_logic.py::TestFetchAISearchDataRetry::test_retry_on_bot_detection_then_success PASSED [ 48%]
tests/test_retry_logic.py::TestFetchAISearchDataRetry::test_retry_on_empty_content_then_success PASSED [ 51%]
tests/test_retry_logic.py::TestFetchAISearchDataRetry::test_retry_on_network_timeout_then_success PASSED [ 54%]
tests/test_retry_logic.py::TestFetchAISearchDataRetry::test_retry_on_http_500_then_success PASSED [ 57%]
tests/test_retry_logic.py::TestFetchAISearchDataRetry::test_retry_on_ai_mode_missing_then_success PASSED [ 60%]
tests/test_retry_logic.py::TestFetchAISearchDataRetry::test_all_retries_exhausted_returns_failure PASSED [ 62%]
tests/test_retry_logic.py::TestFetchAISearchDataRetry::test_all_retries_exhausted_network_error_raises PASSED [ 65%]
tests/test_retry_logic.py::TestFetchAISearchDataRetry::test_multiple_failures_before_success PASSED [ 68%]
tests/test_retry_logic.py::TestConfigDrivenRetry::test_retry_count_matches_settings PASSED [ 71%]
tests/test_retry_logic.py::TestConfigDrivenRetry::test_single_attempt_no_retry PASSED [ 74%]
tests/test_retry_logic.py::TestGoogleOverviewRetry::test_google_success_no_retry PASSED [ 77%]
tests/test_retry_logic.py::TestGoogleOverviewRetry::test_google_text_extraction_failed_retry PASSED [ 80%]
tests/test_retry_logic.py::TestGoogleOverviewRetry::test_google_bot_then_timeout_then_success PASSED [ 82%]
tests/test_retry_logic.py::TestConcurrentQueryIsolation::test_parallel_queries_isolated PASSED [ 85%]
tests/test_retry_logic.py::TestEdgeCases::test_invalid_json_format_raises PASSED [ 88%]
tests/test_retry_logic.py::TestEdgeCases::test_mixed_error_types_all_retried PASSED [ 91%]
tests/test_retry_logic.py::TestHttp4xxHandling::test_http_400_no_retry PASSED [ 94%]
tests/test_retry_logic.py::TestHttp4xxHandling::test_http_422_no_retry PASSED [ 97%]
tests/test_retry_logic.py::TestHttp4xxHandling::test_http_429_should_retry PASSED [100%]

============================= 35 passed in 0.38s ==============================
